
  [32m[1mVITE[22m v8.0.16[39m  [2mready in [0m[1m1395[22m[2m[0m ms[22m

  [32m➜[39m  [1mLocal[22m:   [36mhttp://localhost:[1m5175[22m/[39m
  [32m➜[39m  [1mNetwork[22m: [36mhttp://192.168.0.102:[1m5175[22m/[39m
[2m17:19:25[22m [36m[1m[vite][22m[39m [90m[2m(client)[22m[39m [32mhmr update [39m[2m/src/App.vue, /src/style.css[22m
[2m17:20:03[22m [36m[1m[vite][22m[39m [90m[2m(client)[22m[39m [32mhmr update [39m[2m/src/App.vue, /src/style.css[22m
[2m17:23:39[22m [36m[1m[vite][22m[39m [90m[2m(client)[22m[39m [32mhmr update [39m[2m/src/App.vue, /src/components/ComprehensiveReport.vue, /src/components/AIDiagnosis.vue, /src/components/ServiceDiagnosis.vue, /src/components/Login.vue, /src/components/UserProfile.vue, /src/components/PlansPage.vue, /src/components/UsageBar.vue, /src/components/QuestionnaireResult.vue, /src/style.css[22m
[2m17:25:31[22m [36m[1m[vite][22m[39m [90m[2m(client)[22m[39m [32mhmr update [39m[2m/src/components/UserProfile.vue, /src/style.css[22m
[2m17:26:22[22m [36m[1m[vite][22m[39m [90m[2m(client)[22m[39m [32mhmr update [39m[2m/src/components/UserProfile.vue, /src/style.css[22m
[2m17:28:28[22m [36m[1m[vite][22m[39m [90m[2m(client)[22m[39m [32mhmr update [39m[2m/src/components/UserProfile.vue, /src/style.css[22m
[2m17:29:13[22m [36m[1m[vite][22m[39m [90m[2m(client)[22m[39m [32mhmr update [39m[2m/src/components/UserProfile.vue, /src/style.css[22m
[2m17:30:00[22m [36m[1m[vite][22m[39m [90m[2m(client)[22m[39m [32mhmr update [39m[2m/src/components/UserProfile.vue?vue&type=style&index=0&scoped=2f3153fd&lang.css, /src/style.css[22m
[2m17:31:08[22m [36m[1m[vite][22m[39m [90m[2m(client)[22m[39m [32mhmr update [39m[2m/src/components/UserProfile.vue?vue&type=style&index=0&scoped=2f3153fd&lang.css, /src/style.css[22m
[2m18:05:27[22m [36m[1m[vite][22m[39m [90m[2m(client)[22m[39m [32mhmr update [39m[2m/src/components/FayeChat.vue, /src/style.css[22m
[2m18:05:34[22m [36m[1m[vite][22m[39m [90m[2m(client)[22m[39m [32mhmr update [39m[2m/src/components/FayeChat.vue, /src/style.css[22m
[2m18:55:00[22m [36m[1m[vite][22m[39m [90m[2m(client)[22m[39m [32mhmr update [39m[2m/src/components/AutoCBT.vue, /src/style.css[22m
[2m19:02:51[22m [36m[1m[vite][22m[39m [90m[2m(client)[22m[39m [32mhmr update [39m[2m/src/App.vue, /src/components/ComprehensiveReport.vue, /src/components/AIDiagnosis.vue, /src/components/ServiceDiagnosis.vue, /src/components/Login.vue, /src/components/UserProfile.vue, /src/components/PlansPage.vue, /src/components/UsageBar.vue, /src/components/QuestionnaireResult.vue, /src/style.css[22m
[2m19:03:06[22m [36m[1m[vite][22m[39m [90m[2m(client)[22m[39m [32mhmr update [39m[2m/src/App.vue, /src/components/ComprehensiveReport.vue, /src/components/AIDiagnosis.vue, /src/components/ServiceDiagnosis.vue, /src/components/Login.vue, /src/components/UserProfile.vue, /src/components/PlansPage.vue, /src/components/UsageBar.vue, /src/components/QuestionnaireResult.vue, /src/style.css[22m
[2m19:04:02[22m [36m[1m[vite][22m[39m [90m[2m(client)[22m[39m [32mhmr update [39m[2m/src/components/QuestionnaireResult.vue, /src/style.css[22m
[2m19:04:11[22m [36m[1m[vite][22m[39m [90m[2m(client)[22m[39m [32mhmr update [39m[2m/src/components/QuestionnaireResult.vue, /src/style.css[22m
[2m19:04:28[22m [36m[1m[vite][22m[39m [90m[2m(client)[22m[39m [32mhmr update [39m[2m/src/components/ComprehensiveReport.vue, /src/style.css[22m
[2m19:04:37[22m [36m[1m[vite][22m[39m [90m[2m(client)[22m[39m [32mhmr update [39m[2m/src/components/ComprehensiveReport.vue, /src/style.css[22m
